<testsuite name="myorganization-subflow-test" time="2.581" failures="0" errors="0" skipped="0" tests="7">
  <properties>
    <property key="java.runtime.name" value="Java(TM) SE Runtime Environment"/>
    <property key="sun.boot.library.path" value="C:\Program Files\Java\jdk1.8.0_66\jre\bin"/>
    <property key="java.vm.version" value="25.66-b17"/>
    <property key="maven.multiModuleProjectDirectory" value="C:\Users\ssivapalan\AnypointStudio\workspace\myorganizationapi"/>
    <property key="java.vm.vendor" value="Oracle Corporation"/>
    <property key="java.vendor.url" value="http://java.oracle.com/"/>
    <property key="guice.disable.misplaced.annotation.check" value="true"/>
    <property key="path.separator" value=";"/>
    <property key="java.vm.name" value="Java HotSpot(TM) 64-Bit Server VM"/>
    <property key="file.encoding.pkg" value="sun.io"/>
    <property key="user.country" value="AU"/>
    <property key="user.script" value=""/>
    <property key="sun.java.launcher" value="SUN_STANDARD"/>
    <property key="sun.os.patch.level" value=""/>
    <property key="java.vm.specification.name" value="Java Virtual Machine Specification"/>
    <property key="user.dir" value="C:\Users\ssivapalan\AnypointStudio\workspace\myorganizationapi"/>
    <property key="java.runtime.version" value="1.8.0_66-b17"/>
    <property key="java.awt.graphicsenv" value="sun.awt.Win32GraphicsEnvironment"/>
    <property key="java.endorsed.dirs" value="C:\Program Files\Java\jdk1.8.0_66\jre\lib\endorsed"/>
    <property key="os.arch" value="amd64"/>
    <property key="java.io.tmpdir" value="C:\Users\SSIVAP~1\AppData\Local\Temp\"/>
    <property key="line.separator" value="&#xd;&#xa;"/>
    <property key="java.vm.specification.vendor" value="Oracle Corporation"/>
    <property key="user.variant" value=""/>
    <property key="os.name" value="Windows 10"/>
    <property key="classworlds.conf" value="C:\Users\ssivapalan\Downloads\apache-maven-3.3.9-bin\apache-maven-3.3.9\bin\m2.conf"/>
    <property key="sun.jnu.encoding" value="Cp1252"/>
    <property key="java.library.path" value="C:\Program Files\Java\jdk1.8.0_66\bin;C:\WINDOWS\Sun\Java\bin;C:\WINDOWS\system32;C:\WINDOWS;C:/Program Files/Java/jre1.8.0_111/bin/server;C:/Program Files/Java/jre1.8.0_111/bin;C:/Program Files/Java/jre1.8.0_111/lib/amd64;C:\app\ssivapalan\product\11.2.0\client_1\bin;C:\app\Administrator\product\11.2.0\client_1;C:\ProgramData\Oracle\Java\javapath;C:\Program Files (x86)\Intel\iCLS Client\;C:\Program Files\Intel\iCLS Client\;C:\WINDOWS\system32;C:\WINDOWS;C:\WINDOWS\System32\Wbem;C:\WINDOWS\System32\WindowsPowerShell\v1.0\;C:\Program Files (x86)\Intel\Intel(R) Management Engine Components\DAL;C:\Program Files\Intel\Intel(R) Management Engine Components\DAL;C:\Program Files (x86)\Intel\Intel(R) Management Engine Components\IPT;C:\Program Files\Intel\Intel(R) Management Engine Components\IPT;C:\Program Files\TortoiseSVN\bin;C:\PROGRA~1\Java\JDK18~1.0_6;C:\Users\ssivapalan\Downloads\apache-maven-3.3.9-bin\apache-maven-3.3.9\bin;C:\Users\ssivapalan\Downloads\apache-maven-3.3.9-bin\apache-maven-3.3.9\bin;C:\Program Files\nodejs\;C:\Program Files\Intel\WiFi\bin\;C:\Program Files\Common Files\Intel\WirelessCommon\;C:\Users\ssivapalan\Downloads\apache-jmeter-3.2\apache-jmeter-3.2\bin;C:\Users\ssivapalan\AppData\Local\Microsoft\WindowsApps;C:\Users\ssivapalan\AppData\Roaming\npm;C:\Users\ssivapalan\AppData\Local\atom\bin;C:\AnypointStudio\AnypointStudio6\AnypointStudio;;."/>
    <property key="java.specification.name" value="Java Platform API Specification"/>
    <property key="java.class.version" value="52.0"/>
    <property key="sun.management.compiler" value="HotSpot 64-Bit Tiered Compilers"/>
    <property key="os.version" value="10.0"/>
    <property key="user.home" value="C:\Users\ssivapalan"/>
    <property key="user.timezone" value="Australia/Sydney"/>
    <property key="java.awt.printerjob" value="sun.awt.windows.WPrinterJob"/>
    <property key="file.encoding" value="Cp1252"/>
    <property key="java.specification.version" value="1.8"/>
    <property key="java.class.path" value="C:\Users\ssivapalan\Downloads\apache-maven-3.3.9-bin\apache-maven-3.3.9\boot\plexus-classworlds-2.5.2.jar"/>
    <property key="user.name" value="ssivapalan"/>
    <property key="java.vm.specification.version" value="1.8"/>
    <property key="sun.java.command" value="org.codehaus.plexus.classworlds.launcher.Launcher -B clean install"/>
    <property key="java.home" value="C:\Program Files\Java\jdk1.8.0_66\jre"/>
    <property key="sun.arch.data.model" value="64"/>
    <property key="user.language" value="en"/>
    <property key="java.specification.vendor" value="Oracle Corporation"/>
    <property key="awt.toolkit" value="sun.awt.windows.WToolkit"/>
    <property key="java.vm.info" value="mixed mode"/>
    <property key="java.version" value="1.8.0_66"/>
    <property key="java.ext.dirs" value="C:\Program Files\Java\jdk1.8.0_66\jre\lib\ext;C:\WINDOWS\Sun\Java\lib\ext"/>
    <property key="sun.boot.class.path" value="C:\Program Files\Java\jdk1.8.0_66\jre\lib\resources.jar;C:\Program Files\Java\jdk1.8.0_66\jre\lib\rt.jar;C:\Program Files\Java\jdk1.8.0_66\jre\lib\sunrsasign.jar;C:\Program Files\Java\jdk1.8.0_66\jre\lib\jsse.jar;C:\Program Files\Java\jdk1.8.0_66\jre\lib\jce.jar;C:\Program Files\Java\jdk1.8.0_66\jre\lib\charsets.jar;C:\Program Files\Java\jdk1.8.0_66\jre\lib\jfr.jar;C:\Program Files\Java\jdk1.8.0_66\jre\classes"/>
    <property key="java.vendor" value="Oracle Corporation"/>
    <property key="maven.home" value="C:\Users\ssivapalan\Downloads\apache-maven-3.3.9-bin\apache-maven-3.3.9"/>
    <property key="file.separator" value="\"/>
    <property key="java.vendor.url.bug" value="http://bugreport.sun.com/bugreport/"/>
    <property key="sun.io.unicode.encoding" value="UnicodeLittle"/>
    <property key="sun.cpu.endian" value="little"/>
    <property key="sun.desktop" value="windows"/>
    <property key="sun.cpu.isalist" value="amd64"/>
    <property key="mule.testingMode" value="true"/>
    <property key="mule.working.dir" value="C:\Users\ssivapalan\AnypointStudio\workspace\myorganizationapi\target\.mule"/>
  </properties>
  <testcase time="0.021" name="createNewCustomerSubflowTest" classname="myorganization-subflow-test"/>
  <testcase time="0.012" name="updateCustomerRecordSubflowTest" classname="myorganization-subflow-test"/>
  <testcase time="0.017" name="deleteCustomerRecordSubflowTest" classname="myorganization-subflow-test"/>
  <testcase time="0.033" name="retrieveCustomerRecordSubflowTest" classname="myorganization-subflow-test"/>
  <testcase time="0.029" name="commonValidateTokenSubflowTest" classname="myorganization-subflow-test"/>
  <testcase time="0.018" name="retrieveCustomersSubflowTest" classname="myorganization-subflow-test"/>
  <testcase time="0.022" name="commonValidateRequestSubflowTest" classname="myorganization-subflow-test"/>
</testsuite>